=== SETTINGS.PY ===
import os
from pathlib import Path

import dj_database_url

BASE_DIR = Path(__file__).resolve().parent.parent

SECRET_KEY = os.environ.get('DJANGO_SECRET_KEY', 'unsafe-secret-key')
DEBUG = os.environ.get('DJANGO_DEBUG', 'False') == 'True'
ALLOWED_HOSTS = [host.strip() for host in os.environ.get('DJANGO_ALLOWED_HOSTS', '*').split(',')]

INSTALLED_APPS = [
    'django.contrib.admin',
    'django.contrib.auth',
    'django.contrib.contenttypes',
    'django.contrib.sessions',
    'django.contrib.messages',
    'django.contrib.staticfiles',
    'corsheaders',
    'rest_framework',
    'api',
]

MIDDLEWARE = [
    'corsheaders.middleware.CorsMiddleware',
    'django.middleware.security.SecurityMiddleware',
    'django.contrib.sessions.middleware.SessionMiddleware',
    'django.middleware.common.CommonMiddleware',
    'django.middleware.csrf.CsrfViewMiddleware',
    'django.contrib.auth.middleware.AuthenticationMiddleware',
    'django.contrib.messages.middleware.MessageMiddleware',
    'django.middleware.clickjacking.XFrameOptionsMiddleware',
]

ROOT_URLCONF = 'petfriendly_backend.urls'

TEMPLATES = [
    {
        'BACKEND': 'django.template.backends.django.DjangoTemplates',
        'DIRS': [],
        'APP_DIRS': True,
        'OPTIONS': {
            'context_processors': [
                'django.template.context_processors.debug',
                'django.template.context_processors.request',
                'django.contrib.auth.context_processors.auth',
                'django.contrib.messages.context_processors.messages',
            ],
        },
    },
]

WSGI_APPLICATION = 'petfriendly_backend.wsgi.application'
ASGI_APPLICATION = 'petfriendly_backend.asgi.application'

DATABASE_URL = os.environ.get('DATABASE_URL', f"sqlite:///{BASE_DIR / 'db.sqlite3'}")
DATABASES = {'default': dj_database_url.parse(DATABASE_URL, conn_max_age=600)}

AUTH_PASSWORD_VALIDATORS = [
    {'NAME': 'django.contrib.auth.password_validation.UserAttributeSimilarityValidator'},
    {'NAME': 'django.contrib.auth.password_validation.MinimumLengthValidator'},
    {'NAME': 'django.contrib.auth.password_validation.CommonPasswordValidator'},
    {'NAME': 'django.contrib.auth.password_validation.NumericPasswordValidator'},
]

LANGUAGE_CODE = 'es-es'
TIME_ZONE = 'Europe/Madrid'
USE_I18N = True
USE_TZ = True

STATIC_URL = 'static/'
STATIC_ROOT = BASE_DIR / 'staticfiles'

DEFAULT_AUTO_FIELD = 'django.db.models.BigAutoField'

CORS_ALLOW_ALL_ORIGINS = True

REST_FRAMEWORK = {
    'DEFAULT_PERMISSION_CLASSES': ['rest_framework.permissions.AllowAny'],
}

=== REQUIREMENTS ===
Django==5.1.1
djangorestframework==3.15.2
django-cors-headers==4.4.0
dj-database-url==2.2.0
psycopg[binary]==3.2.1

=== DOCKERFILE ===
# Este Dockerfile es para el servicio de proxy/inicialización del monorepo
FROM nginx:alpine

# Copiar configuración de nginx para servir como proxy reverso
COPY docker/nginx.conf /etc/nginx/nginx.conf

EXPOSE 3000

CMD ["nginx", "-g", "daemon off;"]
=== .ENV.EXAMPLE ===
# ============================================
# NEXT AUTH / FIREBASE
# ============================================
NEXTAUTH_URL=http://localhost:3000
NEXTAUTH_SECRET=replace-me

NEXT_PUBLIC_FIREBASE_API_KEY=
NEXT_PUBLIC_FIREBASE_AUTH_DOMAIN=
NEXT_PUBLIC_FIREBASE_PROJECT_ID=
NEXT_PUBLIC_FIREBASE_STORAGE_BUCKET=
NEXT_PUBLIC_FIREBASE_MESSAGING_SENDER_ID=
NEXT_PUBLIC_FIREBASE_APP_ID=
NEXT_PUBLIC_USE_EMULATORS=false

# ============================================
# MAPBOX (opcional)
# ============================================
NEXT_PUBLIC_MAPBOX_TOKEN=

=== DOCKER-COMPOSE ===
version: '3.9'

services:
  backend:
    build:
      context: .
      dockerfile: docker/backend.Dockerfile
    env_file:
      - ./apps/backend/.env.example
    ports:
      - '8000:8000'
    volumes:
      - ./apps/backend:/app
    working_dir: /app
    depends_on:
      - db

  frontend:
    build:
      context: .
      dockerfile: docker/frontend.Dockerfile
    ports:
      - '3000:3000'
    environment:
      NEXT_PUBLIC_API_BASE_URL: http://backend:8000/api
    volumes:
      - .:/app
      - /app/node_modules
    working_dir: /app
    depends_on:
      - backend

  db:
    image: postgres:15-alpine
    restart: unless-stopped
    environment:
      POSTGRES_DB: bidaitxakur
      POSTGRES_USER: bidai
      POSTGRES_PASSWORD: bidai
    ports:
      - '5432:5432'
    volumes:
      - postgres_data:/var/lib/postgresql/data

volumes:
  postgres_data:

=== ESTRUCTURA BACKEND ===
backend/petfriendly_backend/settings.py
backend/petfriendly_backend/__init__.py
backend/petfriendly_backend/urls.py
backend/petfriendly_backend/asgi.py
backend/petfriendly_backend/wsgi.py
backend/api/__init__.py
backend/api/migrations/__init__.py
backend/api/views.py
backend/api/apps.py
backend/api/urls.py
backend/manage.py
